<?xml version="1.0" encoding="UTF-8"?>
<!-- Generated by org.testng.reporters.JUnitXMLReporter -->
<testsuite hostname="5CG4503MCF" ignored="4" name="DOP_TestNG" tests="15" failures="7" timestamp="10 Jan 2019 10:15:23 GMT" time="308.149" errors="0">
  <testcase name="LandingPageTitleTest" time="2.039" classname="com.ericsson.edos.rulesengine.testcases.LandingpageTest"/>
  <testcase name="EdosLogo1Test" time="2.063" classname="com.ericsson.edos.rulesengine.testcases.LoginPageTest">
    <failure type="java.lang.AssertionError" message="expected [true] but found [false]">
      <![CDATA[java.lang.AssertionError: expected [true] but found [false]
	at com.ericsson.edos.rulesengine.testcases.LoginPageTest.EdosLogo1Test(LoginPageTest.java:47)
... Removed 29 stack frames]]>
    </failure>
  </testcase> <!-- EdosLogo1Test -->
  <testcase name="VerifyApplicationPage" time="13.036" classname="com.ericsson.edos.rulesengine.testcases.applicationTest">
    <failure type="java.lang.AssertionError" message="expected [Home] but found [EDOS-DP Main Portal]">
      <![CDATA[java.lang.AssertionError: expected [Home] but found [EDOS-DP Main Portal]
	at com.ericsson.edos.rulesengine.testcases.applicationTest.VerifyApplicationPage(applicationTest.java:52)
... Removed 31 stack frames]]>
    </failure>
  </testcase> <!-- VerifyApplicationPage -->
  <testcase name="LegalNoticeLogoTest" time="2.079" classname="com.ericsson.edos.rulesengine.testcases.LandingpageTest"/>
  <testcase name="EdosLogo2Test" time="2.079" classname="com.ericsson.edos.rulesengine.testcases.LoginPageTest">
    <failure type="java.lang.AssertionError" message="expected [true] but found [false]">
      <![CDATA[java.lang.AssertionError: expected [true] but found [false]
	at com.ericsson.edos.rulesengine.testcases.LoginPageTest.EdosLogo2Test(LoginPageTest.java:56)
... Removed 29 stack frames]]>
    </failure>
  </testcase> <!-- EdosLogo2Test -->
  <testcase name="VerifyEdosDpLogo" time="122.105" classname="com.ericsson.edos.rulesengine.testcases.applicationTest">
    <failure type="org.openqa.selenium.NoSuchElementException" message="no such element: Unable to locate element: {&amp;quot;method&amp;quot;:&amp;quot;xpath&amp;quot;,&amp;quot;selector&amp;quot;:&amp;quot;//h1[contains(text(),&amp;apos;Ericsson&amp;apos;)]&amp;quot;}
  (Session info: chrome=71.0.3578.98)
  (Driver info: chromedriver=2.35.528161 (5b82f2d2aae0ca24b877009200ced9065a772e73),platform=Windows NT 6.1.7601 SP1 x86_64) (WARNING: The server did not provide any stacktrace information)
Command duration or timeout: 0 milliseconds
For documentation on this error, please visit: http://seleniumhq.org/exceptions/no_such_element.html
Build info: version: &amp;apos;3.5.3&amp;apos;, revision: &amp;apos;a88d25fe6b&amp;apos;, time: &amp;apos;2017-08-29T12:42:44.417Z&amp;apos;
System info: host: &amp;apos;5CG4503MCF&amp;apos;, ip: &amp;apos;192.168.56.1&amp;apos;, os.name: &amp;apos;Windows 7&amp;apos;, os.arch: &amp;apos;amd64&amp;apos;, os.version: &amp;apos;6.1&amp;apos;, java.version: &amp;apos;1.8.0_161&amp;apos;
Driver info: org.openqa.selenium.chrome.ChromeDriver
Capabilities [{mobileEmulationEnabled=false, hasTouchScreen=false, platform=XP, acceptSslCerts=false, acceptInsecureCerts=false, webStorageEnabled=true, browserName=chrome, takesScreenshot=true, javascriptEnabled=true, platformName=XP, setWindowRect=true, unexpectedAlertBehaviour=, applicationCacheEnabled=false, rotatable=false, networkConnectionEnabled=false, chrome={chromedriverVersion=2.35.528161 (5b82f2d2aae0ca24b877009200ced9065a772e73), userDataDir=C:\Users\esrrajo\AppData\Local\Temp\scoped_dir7684_19300}, takesHeapSnapshot=true, pageLoadStrategy=normal, unhandledPromptBehavior=, databaseEnabled=false, handlesAlerts=true, version=71.0.3578.98, browserConnectionEnabled=false, nativeEvents=true, locationContextEnabled=true, cssSelectorsEnabled=true}]
Session ID: 7ddeaee9176dfee4a86bfe777c68617b
*** Element info: {Using=xpath, value=//h1[contains(text(),&amp;apos;Ericsson&amp;apos;)]}">
      <![CDATA[org.openqa.selenium.NoSuchElementException: no such element: Unable to locate element: {"method":"xpath","selector":"//h1[contains(text(),'Ericsson')]"}
  (Session info: chrome=71.0.3578.98)
  (Driver info: chromedriver=2.35.528161 (5b82f2d2aae0ca24b877009200ced9065a772e73),platform=Windows NT 6.1.7601 SP1 x86_64) (WARNING: The server did not provide any stacktrace information)
Command duration or timeout: 0 milliseconds
For documentation on this error, please visit: http://seleniumhq.org/exceptions/no_such_element.html
Build info: version: '3.5.3', revision: 'a88d25fe6b', time: '2017-08-29T12:42:44.417Z'
System info: host: '5CG4503MCF', ip: '192.168.56.1', os.name: 'Windows 7', os.arch: 'amd64', os.version: '6.1', java.version: '1.8.0_161'
Driver info: org.openqa.selenium.chrome.ChromeDriver
Capabilities [{mobileEmulationEnabled=false, hasTouchScreen=false, platform=XP, acceptSslCerts=false, acceptInsecureCerts=false, webStorageEnabled=true, browserName=chrome, takesScreenshot=true, javascriptEnabled=true, platformName=XP, setWindowRect=true, unexpectedAlertBehaviour=, applicationCacheEnabled=false, rotatable=false, networkConnectionEnabled=false, chrome={chromedriverVersion=2.35.528161 (5b82f2d2aae0ca24b877009200ced9065a772e73), userDataDir=C:\Users\esrrajo\AppData\Local\Temp\scoped_dir7684_19300}, takesHeapSnapshot=true, pageLoadStrategy=normal, unhandledPromptBehavior=, databaseEnabled=false, handlesAlerts=true, version=71.0.3578.98, browserConnectionEnabled=false, nativeEvents=true, locationContextEnabled=true, cssSelectorsEnabled=true}]
Session ID: 7ddeaee9176dfee4a86bfe777c68617b
*** Element info: {Using=xpath, value=//h1[contains(text(),'Ericsson')]}
	at org.openqa.selenium.remote.ErrorHandler.createThrowable(ErrorHandler.java:215)
	at org.openqa.selenium.remote.ErrorHandler.throwIfResponseFailed(ErrorHandler.java:167)
	at org.openqa.selenium.remote.http.JsonHttpResponseCodec.reconstructValue(JsonHttpResponseCodec.java:40)
	at org.openqa.selenium.remote.http.AbstractHttpResponseCodec.decode(AbstractHttpResponseCodec.java:82)
	at org.openqa.selenium.remote.http.AbstractHttpResponseCodec.decode(AbstractHttpResponseCodec.java:45)
	at org.openqa.selenium.remote.HttpCommandExecutor.execute(HttpCommandExecutor.java:164)
	at org.openqa.selenium.remote.service.DriverCommandExecutor.execute(DriverCommandExecutor.java:82)
	at org.openqa.selenium.remote.RemoteWebDriver.execute(RemoteWebDriver.java:646)
	at org.openqa.selenium.remote.RemoteWebDriver.findElement(RemoteWebDriver.java:416)
	at org.openqa.selenium.remote.RemoteWebDriver.findElementByXPath(RemoteWebDriver.java:518)
	at org.openqa.selenium.By$ByXPath.findElement(By.java:361)
	at org.openqa.selenium.remote.RemoteWebDriver.findElement(RemoteWebDriver.java:408)
	at org.openqa.selenium.support.pagefactory.DefaultElementLocator.findElement(DefaultElementLocator.java:69)
	at org.openqa.selenium.support.pagefactory.internal.LocatingElementHandler.invoke(LocatingElementHandler.java:38)
	at com.sun.proxy.$Proxy11.getText(Unknown Source)
	at com.ericsson.edos.rulesengine.pages.EdosApplicationPage.VisibleOfEDOSDPtitle(EdosApplicationPage.java:48)
	at com.ericsson.edos.rulesengine.testcases.applicationTest.VerifyEdosDpLogo(applicationTest.java:60)
... Removed 29 stack frames]]>
    </failure>
  </testcase> <!-- VerifyEdosDpLogo -->
  <testcase name="LicenseContentLogoTest" time="2.033" classname="com.ericsson.edos.rulesengine.testcases.LandingpageTest"/>
  <testcase name="EdosLogoText1Test" time="2.082" classname="com.ericsson.edos.rulesengine.testcases.LoginPageTest">
    <failure type="java.lang.AssertionError" message="expected [EDOS-DP] but found []">
      <![CDATA[java.lang.AssertionError: expected [EDOS-DP] but found []
	at com.ericsson.edos.rulesengine.testcases.LoginPageTest.EdosLogoText1Test(LoginPageTest.java:65)
... Removed 31 stack frames]]>
    </failure>
  </testcase> <!-- EdosLogoText1Test -->
  <testcase name="LegalNoticeLogoTextTest" time="2.079" classname="com.ericsson.edos.rulesengine.testcases.LandingpageTest"/>
  <testcase name="EdosLogoText2Test" time="2.085" classname="com.ericsson.edos.rulesengine.testcases.LoginPageTest">
    <failure type="java.lang.AssertionError" message="expected [MAIN PORTAL] but found []">
      <![CDATA[java.lang.AssertionError: expected [MAIN PORTAL] but found []
	at com.ericsson.edos.rulesengine.testcases.LoginPageTest.EdosLogoText2Test(LoginPageTest.java:74)
... Removed 31 stack frames]]>
    </failure>
  </testcase> <!-- EdosLogoText2Test -->
  <testcase name="LicenseContentLogoTextTest" time="2.063" classname="com.ericsson.edos.rulesengine.testcases.LandingpageTest"/>
  <testcase name="SetusernameTest" time="120.902" classname="com.ericsson.edos.rulesengine.testcases.LoginPageTest">
    <failure type="org.openqa.selenium.ElementNotVisibleException" message="element not visible
  (Session info: chrome=71.0.3578.98)
  (Driver info: chromedriver=2.35.528161 (5b82f2d2aae0ca24b877009200ced9065a772e73),platform=Windows NT 6.1.7601 SP1 x86_64) (WARNING: The server did not provide any stacktrace information)
Command duration or timeout: 0 milliseconds
Build info: version: &amp;apos;3.5.3&amp;apos;, revision: &amp;apos;a88d25fe6b&amp;apos;, time: &amp;apos;2017-08-29T12:42:44.417Z&amp;apos;
System info: host: &amp;apos;5CG4503MCF&amp;apos;, ip: &amp;apos;192.168.56.1&amp;apos;, os.name: &amp;apos;Windows 7&amp;apos;, os.arch: &amp;apos;amd64&amp;apos;, os.version: &amp;apos;6.1&amp;apos;, java.version: &amp;apos;1.8.0_161&amp;apos;
Driver info: org.openqa.selenium.chrome.ChromeDriver
Capabilities [{mobileEmulationEnabled=false, hasTouchScreen=false, platform=XP, acceptSslCerts=false, acceptInsecureCerts=false, webStorageEnabled=true, browserName=chrome, takesScreenshot=true, javascriptEnabled=true, platformName=XP, setWindowRect=true, unexpectedAlertBehaviour=, applicationCacheEnabled=false, rotatable=false, networkConnectionEnabled=false, chrome={chromedriverVersion=2.35.528161 (5b82f2d2aae0ca24b877009200ced9065a772e73), userDataDir=C:\Users\esrrajo\AppData\Local\Temp\scoped_dir7684_19300}, takesHeapSnapshot=true, pageLoadStrategy=normal, unhandledPromptBehavior=, databaseEnabled=false, handlesAlerts=true, version=71.0.3578.98, browserConnectionEnabled=false, nativeEvents=true, locationContextEnabled=true, cssSelectorsEnabled=true}]
Session ID: 7ddeaee9176dfee4a86bfe777c68617b">
      <![CDATA[org.openqa.selenium.ElementNotVisibleException: element not visible
  (Session info: chrome=71.0.3578.98)
  (Driver info: chromedriver=2.35.528161 (5b82f2d2aae0ca24b877009200ced9065a772e73),platform=Windows NT 6.1.7601 SP1 x86_64) (WARNING: The server did not provide any stacktrace information)
Command duration or timeout: 0 milliseconds
Build info: version: '3.5.3', revision: 'a88d25fe6b', time: '2017-08-29T12:42:44.417Z'
System info: host: '5CG4503MCF', ip: '192.168.56.1', os.name: 'Windows 7', os.arch: 'amd64', os.version: '6.1', java.version: '1.8.0_161'
Driver info: org.openqa.selenium.chrome.ChromeDriver
Capabilities [{mobileEmulationEnabled=false, hasTouchScreen=false, platform=XP, acceptSslCerts=false, acceptInsecureCerts=false, webStorageEnabled=true, browserName=chrome, takesScreenshot=true, javascriptEnabled=true, platformName=XP, setWindowRect=true, unexpectedAlertBehaviour=, applicationCacheEnabled=false, rotatable=false, networkConnectionEnabled=false, chrome={chromedriverVersion=2.35.528161 (5b82f2d2aae0ca24b877009200ced9065a772e73), userDataDir=C:\Users\esrrajo\AppData\Local\Temp\scoped_dir7684_19300}, takesHeapSnapshot=true, pageLoadStrategy=normal, unhandledPromptBehavior=, databaseEnabled=false, handlesAlerts=true, version=71.0.3578.98, browserConnectionEnabled=false, nativeEvents=true, locationContextEnabled=true, cssSelectorsEnabled=true}]
Session ID: 7ddeaee9176dfee4a86bfe777c68617b
	at org.openqa.selenium.remote.ErrorHandler.createThrowable(ErrorHandler.java:215)
	at org.openqa.selenium.remote.ErrorHandler.throwIfResponseFailed(ErrorHandler.java:167)
	at org.openqa.selenium.remote.http.JsonHttpResponseCodec.reconstructValue(JsonHttpResponseCodec.java:40)
	at org.openqa.selenium.remote.http.AbstractHttpResponseCodec.decode(AbstractHttpResponseCodec.java:82)
	at org.openqa.selenium.remote.http.AbstractHttpResponseCodec.decode(AbstractHttpResponseCodec.java:45)
	at org.openqa.selenium.remote.HttpCommandExecutor.execute(HttpCommandExecutor.java:164)
	at org.openqa.selenium.remote.service.DriverCommandExecutor.execute(DriverCommandExecutor.java:82)
	at org.openqa.selenium.remote.RemoteWebDriver.execute(RemoteWebDriver.java:646)
	at org.openqa.selenium.remote.RemoteWebElement.execute(RemoteWebElement.java:275)
	at org.openqa.selenium.remote.RemoteWebElement.sendKeys(RemoteWebElement.java:99)
	at org.openqa.selenium.support.pagefactory.internal.LocatingElementHandler.invoke(LocatingElementHandler.java:51)
	at com.sun.proxy.$Proxy11.sendKeys(Unknown Source)
	at com.ericsson.edos.rulesengine.pages.Edosloginpage.SetUserName(Edosloginpage.java:74)
	at com.ericsson.edos.rulesengine.testcases.LoginPageTest.SetusernameTest(LoginPageTest.java:81)
... Removed 33 stack frames]]>
    </failure>
  </testcase> <!-- SetusernameTest -->
  <testcase name="ProceedButtonTest" time="5.108" classname="com.ericsson.edos.rulesengine.testcases.LandingpageTest"/>
  <testcase name="SetUserPasswordTest" time="2.181" classname="com.ericsson.edos.rulesengine.testcases.LoginPageTest"/>
  <testcase name="ClickEnterButtonTest" time="2.098" classname="com.ericsson.edos.rulesengine.testcases.LoginPageTest"/>
  <testcase name="@BeforeSuite initialisation" time="0.0" classname="com.ericsson.edos.rulesengine.base.TestBase">
    <ignored/>
  </testcase> <!-- @BeforeSuite initialisation -->
  <testcase name="@BeforeSuite initialisation" time="0.0" classname="com.ericsson.edos.rulesengine.base.TestBase">
    <ignored/>
  </testcase> <!-- @BeforeSuite initialisation -->
  <testcase name="@AfterSuite tearDown" time="0.0" classname="com.ericsson.edos.rulesengine.base.TestBase">
    <ignored/>
  </testcase> <!-- @AfterSuite tearDown -->
  <testcase name="@AfterSuite tearDown" time="0.0" classname="com.ericsson.edos.rulesengine.base.TestBase">
    <ignored/>
  </testcase> <!-- @AfterSuite tearDown -->
</testsuite> <!-- DOP_TestNG -->
