<html>
<head>
<title>TestNG:  BouyguesPageTest</title>
<link href="../testng.css" rel="stylesheet" type="text/css" />
<link href="../my-testng.css" rel="stylesheet" type="text/css" />

<style type="text/css">
.log { display: none;} 
.stack-trace { display: none;} 
</style>
<script type="text/javascript">
<!--
function flip(e) {
  current = e.style.display;
  if (current == 'block') {
    e.style.display = 'none';
    return 0;
  }
  else {
    e.style.display = 'block';
    return 1;
  }
}

function toggleBox(szDivId, elem, msg1, msg2)
{
  var res = -1;  if (document.getElementById) {
    res = flip(document.getElementById(szDivId));
  }
  else if (document.all) {
    // this is the way old msie versions work
    res = flip(document.all[szDivId]);
  }
  if(elem) {
    if(res == 0) elem.innerHTML = msg1; else elem.innerHTML = msg2;
  }

}

function toggleAllBoxes() {
  if (document.getElementsByTagName) {
    d = document.getElementsByTagName('div');
    for (i = 0; i < d.length; i++) {
      if (d[i].className == 'log') {
        flip(d[i]);
      }
    }
  }
}

// -->
</script>

</head>
<body>
<h2 align='center'>BouyguesPageTest</h2><table border='1' align="center">
<tr>
<td>Tests passed/Failed/Skipped:</td><td>4/1/3</td>
</tr><tr>
<td>Started on:</td><td>Tue Mar 12 16:42:01 IST 2019</td>
</tr>
<tr><td>Total time:</td><td>562 seconds (562642 ms)</td>
</tr><tr>
<td>Included groups:</td><td></td>
</tr><tr>
<td>Excluded groups:</td><td></td>
</tr>
</table><p/>
<small><i>(Hover the method name to see the test class name)</i></small><p/>
<table width='100%' border='1' class='invocation-failed'>
<tr><td colspan='4' align='center'><b>FAILED TESTS</b></td></tr>
<tr><td><b>Test method</b></td>
<td width="30%"><b>Exception</b></td>
<td width="10%"><b>Time (seconds)</b></td>
<td><b>Instance</b></td>
</tr>
<tr>
<td title='com.ericsson.edos.dopuatautomation.testcases.BouyguesTest.VerifyQBReportinTable()'><b>VerifyQBReportinTable</b><br>Test class: com.ericsson.edos.dopuatautomation.testcases.BouyguesTest<br/>
<a href="#Output-1433208870" onClick='toggleBox("Output-1433208870", this, "Show output", "Hide output");'>Show output</a>

<a href="#Output-1433208870" onClick="toggleAllBoxes();">Show all outputs</a>
<div class='log' id="Output-1433208870">
Clicked on the QueryBuilder Filter Tab<br/>
The Selected NE Elemnt is ::::Cluster Level<br/>
The Selected NE Elemnt is ::::Daily<br/>
<span style='color:red;background-color:yellow;font-size:14px;'><b>Table Doesn't have the Selected counter and Dates filtred</b><span><br/><br/>
<span style='color:red;background-color:yellow;font-size:14px;'><b>Failed to Execute the Test with Exception:::Table Doesn't Contains the Slected counter and Dates filtred expected [true] but found [false]</b><span><br/><br/>
</div>
</td>
<td><div><pre>java.lang.AssertionError: Table Doesn&apos;t Contains the Slected counter and Dates filtred expected [true] but found [false]
	at com.ericsson.edos.dopuatautomation.testcases.BouyguesTest.VerifyQBReportinTable(BouyguesTest.java:377)
... Removed 28 stack frames</pre></div><a href='#' onClick='toggleBox("stack-trace1433208870", this, "Click to show all stack frames", "Click to hide stack frames")'>Click to show all stack frames</a>
<div class='stack-trace' id='stack-trace1433208870'><pre>java.lang.AssertionError: Table Doesn&apos;t Contains the Slected counter and Dates filtred expected [true] but found [false]
	at org.testng.Assert.fail(Assert.java:93)
	at org.testng.Assert.failNotEquals(Assert.java:512)
	at org.testng.Assert.assertTrue(Assert.java:41)
	at com.ericsson.edos.dopuatautomation.testcases.BouyguesTest.VerifyQBReportinTable(BouyguesTest.java:377)
	at sun.reflect.NativeMethodAccessorImpl.invoke0(Native Method)
	at sun.reflect.NativeMethodAccessorImpl.invoke(NativeMethodAccessorImpl.java:62)
	at sun.reflect.DelegatingMethodAccessorImpl.invoke(DelegatingMethodAccessorImpl.java:43)
	at java.lang.reflect.Method.invoke(Method.java:498)
	at org.testng.internal.MethodInvocationHelper.invokeMethod(MethodInvocationHelper.java:108)
	at org.testng.internal.Invoker.invokeMethod(Invoker.java:661)
	at org.testng.internal.Invoker.invokeTestMethod(Invoker.java:869)
	at org.testng.internal.Invoker.invokeTestMethods(Invoker.java:1193)
	at org.testng.internal.TestMethodWorker.invokeTestMethods(TestMethodWorker.java:126)
	at org.testng.internal.TestMethodWorker.run(TestMethodWorker.java:109)
	at org.testng.TestRunner.privateRun(TestRunner.java:744)
	at org.testng.TestRunner.run(TestRunner.java:602)
	at org.testng.SuiteRunner.runTest(SuiteRunner.java:380)
	at org.testng.SuiteRunner.runSequentially(SuiteRunner.java:375)
	at org.testng.SuiteRunner.privateRun(SuiteRunner.java:340)
	at org.testng.SuiteRunner.run(SuiteRunner.java:289)
	at org.testng.SuiteRunnerWorker.runSuite(SuiteRunnerWorker.java:52)
	at org.testng.SuiteRunnerWorker.run(SuiteRunnerWorker.java:86)
	at org.testng.TestNG.runSuitesSequentially(TestNG.java:1301)
	at org.testng.TestNG.runSuitesLocally(TestNG.java:1226)
	at org.testng.TestNG.runSuites(TestNG.java:1144)
	at org.testng.TestNG.run(TestNG.java:1115)
	at org.testng.remote.AbstractRemoteTestNG.run(AbstractRemoteTestNG.java:114)
	at org.testng.remote.RemoteTestNG.initAndRun(RemoteTestNG.java:251)
	at org.testng.remote.RemoteTestNG.main(RemoteTestNG.java:77)
</pre></div></td>
<td>318</td>
<td>com.ericsson.edos.dopuatautomation.testcases.BouyguesTest@4fe3c938</td></tr>
</table><p>
<table width='100%' border='1' class='invocation-passed'>
<tr><td colspan='4' align='center'><b>PASSED TESTS</b></td></tr>
<tr><td><b>Test method</b></td>
<td width="30%"><b>Exception</b></td>
<td width="10%"><b>Time (seconds)</b></td>
<td><b>Instance</b></td>
</tr>
<tr>
<td title='com.ericsson.edos.dopuatautomation.testcases.BouyguesTest.ValidateSearchingForCell()'><b>ValidateSearchingForCell</b><br>Test class: com.ericsson.edos.dopuatautomation.testcases.BouyguesTest<br/>
<a href="#Output-1265053098" onClick='toggleBox("Output-1265053098", this, "Show output", "Hide output");'>Show output</a>

<a href="#Output-1265053098" onClick="toggleAllBoxes();">Show all outputs</a>
<div class='log' id="Output-1265053098">
Clicked on the QueryBuilder Link<br/>
Clicked on the QueryBuilder Filter Tab<br/>
The Cell name is Cell<br/>
The Cluster name is E00631.D00631A<br/>
Clicked on the Cluster Field<br/>
The Cluster NE field name is E00631.D00631A<br/>
The Cell is present in the Cluster NE text filed<br/>
</div>
</td>
<td></td>
<td>52</td>
<td>com.ericsson.edos.dopuatautomation.testcases.BouyguesTest@4fe3c938</td></tr>
<tr>
<td title='com.ericsson.edos.dopuatautomation.testcases.BouyguesTest.VerifyAllTitleTest()'><b>VerifyAllTitleTest</b><br>Test class: com.ericsson.edos.dopuatautomation.testcases.BouyguesTest<br/>
<a href="#Output-533415944" onClick='toggleBox("Output-533415944", this, "Show output", "Hide output");'>Show output</a>

<a href="#Output-533415944" onClick="toggleAllBoxes();">Show all outputs</a>
<div class='log' id="Output-533415944">
Title of Tab is :Bouygues<br/>
Title of Tab is :REPORTS<br/>
Title of Tab is :CHARTS<br/>
Title of Tab is :CONFIG<br/>
Title of Tab is :KPIS<br/>
Title of Tab is :Filters/Options<br/>
Latest Available Data Present is: 2019/03/08 16:00UTC<br/>
Latest Available Data Present AfterSplit: 2019/03/08<br/>
The latest year is: 2019<br/>
The latest month is: 03<br/>
The latest day is: 08<br/>
Date in Advanced Master is:3/7/2019 12:00 AM<br/>
Date in Advanced Master after Split is:3/7/2019<br/>
The latest startdate in Advanced Master is: 7<br/>
The latest startmonth in Advanced Master is: 3<br/>
The latest startyear in Advanced Master is: 2019<br/>
3/8/2019 12:00 AM<br/>
Date in Advanced Master End after Split is:3/8/2019<br/>
The latest enddate in Advanced Master is: 8<br/>
The latest endmonth in Advanced Master is: 3<br/>
The latest endyear in Advanced Master is: 2019<br/>
All The Tabs are Latest Date is validated<br/>
</div>
</td>
<td></td>
<td>62</td>
<td>com.ericsson.edos.dopuatautomation.testcases.BouyguesTest@4fe3c938</td></tr>
<tr>
<td title='com.ericsson.edos.dopuatautomation.testcases.BouyguesTest.VerifyCounterAddedQBReportinTable()'><b>VerifyCounterAddedQBReportinTable</b><br>Test class: com.ericsson.edos.dopuatautomation.testcases.BouyguesTest<br/>
<a href="#Output-664091267" onClick='toggleBox("Output-664091267", this, "Show output", "Hide output");'>Show output</a>

<a href="#Output-664091267" onClick="toggleAllBoxes();">Show all outputs</a>
<div class='log' id="Output-664091267">
The  Counter Added is available and Countername is:::pmErabEstabAttAdded<br/>
<span style='color:#F8F8FF;background-color:#006400;font-size:14px;'><b>The counter is added successfully::</b><span><br/><br/>
</div>
</td>
<td></td>
<td>64</td>
<td>com.ericsson.edos.dopuatautomation.testcases.BouyguesTest@4fe3c938</td></tr>
<tr>
<td title='com.ericsson.edos.dopuatautomation.testcases.BouyguesTest.VerifyenodeBUtranCellTest()'><b>VerifyenodeBUtranCellTest</b><br>Test class: com.ericsson.edos.dopuatautomation.testcases.BouyguesTest</td>
<td></td>
<td>64</td>
<td>com.ericsson.edos.dopuatautomation.testcases.BouyguesTest@4fe3c938</td></tr>
</table><p>
<table width='100%' border='1' class='invocation-skipped'>
<tr><td colspan='4' align='center'><b>SKIPPED TESTS</b></td></tr>
<tr><td><b>Test method</b></td>
<td width="30%"><b>Exception</b></td>
<td width="10%"><b>Time (seconds)</b></td>
<td><b>Instance</b></td>
</tr>
<tr>
<td title='com.ericsson.edos.dopuatautomation.testcases.BouyguesTest.VerifyExportToCSV()'><b>VerifyExportToCSV</b><br>Test class: com.ericsson.edos.dopuatautomation.testcases.BouyguesTest</td>
<td><div><pre>java.lang.Throwable: Method BouyguesTest.VerifyExportToCSV()[pri:10, instance:com.ericsson.edos.dopuatautomation.testcases.BouyguesTest@4fe3c938] depends on not successfully finished methods
... Removed 18 stack frames</pre></div><a href='#' onClick='toggleBox("stack-trace500230084", this, "Click to show all stack frames", "Click to hide stack frames")'>Click to show all stack frames</a>
<div class='stack-trace' id='stack-trace500230084'><pre>java.lang.Throwable: Method BouyguesTest.VerifyExportToCSV()[pri:10, instance:com.ericsson.edos.dopuatautomation.testcases.BouyguesTest@4fe3c938] depends on not successfully finished methods
	at org.testng.internal.Invoker.invokeTestMethods(Invoker.java:1084)
	at org.testng.internal.TestMethodWorker.invokeTestMethods(TestMethodWorker.java:126)
	at org.testng.internal.TestMethodWorker.run(TestMethodWorker.java:109)
	at org.testng.TestRunner.privateRun(TestRunner.java:744)
	at org.testng.TestRunner.run(TestRunner.java:602)
	at org.testng.SuiteRunner.runTest(SuiteRunner.java:380)
	at org.testng.SuiteRunner.runSequentially(SuiteRunner.java:375)
	at org.testng.SuiteRunner.privateRun(SuiteRunner.java:340)
	at org.testng.SuiteRunner.run(SuiteRunner.java:289)
	at org.testng.SuiteRunnerWorker.runSuite(SuiteRunnerWorker.java:52)
	at org.testng.SuiteRunnerWorker.run(SuiteRunnerWorker.java:86)
	at org.testng.TestNG.runSuitesSequentially(TestNG.java:1301)
	at org.testng.TestNG.runSuitesLocally(TestNG.java:1226)
	at org.testng.TestNG.runSuites(TestNG.java:1144)
	at org.testng.TestNG.run(TestNG.java:1115)
	at org.testng.remote.AbstractRemoteTestNG.run(AbstractRemoteTestNG.java:114)
	at org.testng.remote.RemoteTestNG.initAndRun(RemoteTestNG.java:251)
	at org.testng.remote.RemoteTestNG.main(RemoteTestNG.java:77)
</pre></div></td>
<td>0</td>
<td>null</td></tr>
<tr>
<td title='com.ericsson.edos.dopuatautomation.testcases.BouyguesTest.VerifyExportToExcel()'><b>VerifyExportToExcel</b><br>Test class: com.ericsson.edos.dopuatautomation.testcases.BouyguesTest</td>
<td><div><pre>java.lang.Throwable: Method BouyguesTest.VerifyExportToExcel()[pri:9, instance:com.ericsson.edos.dopuatautomation.testcases.BouyguesTest@4fe3c938] depends on not successfully finished methods
... Removed 18 stack frames</pre></div><a href='#' onClick='toggleBox("stack-trace1197498159", this, "Click to show all stack frames", "Click to hide stack frames")'>Click to show all stack frames</a>
<div class='stack-trace' id='stack-trace1197498159'><pre>java.lang.Throwable: Method BouyguesTest.VerifyExportToExcel()[pri:9, instance:com.ericsson.edos.dopuatautomation.testcases.BouyguesTest@4fe3c938] depends on not successfully finished methods
	at org.testng.internal.Invoker.invokeTestMethods(Invoker.java:1084)
	at org.testng.internal.TestMethodWorker.invokeTestMethods(TestMethodWorker.java:126)
	at org.testng.internal.TestMethodWorker.run(TestMethodWorker.java:109)
	at org.testng.TestRunner.privateRun(TestRunner.java:744)
	at org.testng.TestRunner.run(TestRunner.java:602)
	at org.testng.SuiteRunner.runTest(SuiteRunner.java:380)
	at org.testng.SuiteRunner.runSequentially(SuiteRunner.java:375)
	at org.testng.SuiteRunner.privateRun(SuiteRunner.java:340)
	at org.testng.SuiteRunner.run(SuiteRunner.java:289)
	at org.testng.SuiteRunnerWorker.runSuite(SuiteRunnerWorker.java:52)
	at org.testng.SuiteRunnerWorker.run(SuiteRunnerWorker.java:86)
	at org.testng.TestNG.runSuitesSequentially(TestNG.java:1301)
	at org.testng.TestNG.runSuitesLocally(TestNG.java:1226)
	at org.testng.TestNG.runSuites(TestNG.java:1144)
	at org.testng.TestNG.run(TestNG.java:1115)
	at org.testng.remote.AbstractRemoteTestNG.run(AbstractRemoteTestNG.java:114)
	at org.testng.remote.RemoteTestNG.initAndRun(RemoteTestNG.java:251)
	at org.testng.remote.RemoteTestNG.main(RemoteTestNG.java:77)
</pre></div></td>
<td>0</td>
<td>null</td></tr>
<tr>
<td title='com.ericsson.edos.dopuatautomation.testcases.BouyguesTest.VerifyExportToTemplate()'><b>VerifyExportToTemplate</b><br>Test class: com.ericsson.edos.dopuatautomation.testcases.BouyguesTest</td>
<td><div><pre>java.lang.Throwable: Method BouyguesTest.VerifyExportToTemplate()[pri:11, instance:com.ericsson.edos.dopuatautomation.testcases.BouyguesTest@4fe3c938] depends on not successfully finished methods
... Removed 18 stack frames</pre></div><a href='#' onClick='toggleBox("stack-trace1028145537", this, "Click to show all stack frames", "Click to hide stack frames")'>Click to show all stack frames</a>
<div class='stack-trace' id='stack-trace1028145537'><pre>java.lang.Throwable: Method BouyguesTest.VerifyExportToTemplate()[pri:11, instance:com.ericsson.edos.dopuatautomation.testcases.BouyguesTest@4fe3c938] depends on not successfully finished methods
	at org.testng.internal.Invoker.invokeTestMethods(Invoker.java:1084)
	at org.testng.internal.TestMethodWorker.invokeTestMethods(TestMethodWorker.java:126)
	at org.testng.internal.TestMethodWorker.run(TestMethodWorker.java:109)
	at org.testng.TestRunner.privateRun(TestRunner.java:744)
	at org.testng.TestRunner.run(TestRunner.java:602)
	at org.testng.SuiteRunner.runTest(SuiteRunner.java:380)
	at org.testng.SuiteRunner.runSequentially(SuiteRunner.java:375)
	at org.testng.SuiteRunner.privateRun(SuiteRunner.java:340)
	at org.testng.SuiteRunner.run(SuiteRunner.java:289)
	at org.testng.SuiteRunnerWorker.runSuite(SuiteRunnerWorker.java:52)
	at org.testng.SuiteRunnerWorker.run(SuiteRunnerWorker.java:86)
	at org.testng.TestNG.runSuitesSequentially(TestNG.java:1301)
	at org.testng.TestNG.runSuitesLocally(TestNG.java:1226)
	at org.testng.TestNG.runSuites(TestNG.java:1144)
	at org.testng.TestNG.run(TestNG.java:1115)
	at org.testng.remote.AbstractRemoteTestNG.run(AbstractRemoteTestNG.java:114)
	at org.testng.remote.RemoteTestNG.initAndRun(RemoteTestNG.java:251)
	at org.testng.remote.RemoteTestNG.main(RemoteTestNG.java:77)
</pre></div></td>
<td>0</td>
<td>null</td></tr>
</table><p>
</body>
</html>