<html>
<head>
<title>TestNG:   SchedulerPageTest</title>
<link href="../testng.css" rel="stylesheet" type="text/css" />
<link href="../my-testng.css" rel="stylesheet" type="text/css" />

<style type="text/css">
.log { display: none;} 
.stack-trace { display: none;} 
</style>
<script type="text/javascript">
<!--
function flip(e) {
  current = e.style.display;
  if (current == 'block') {
    e.style.display = 'none';
    return 0;
  }
  else {
    e.style.display = 'block';
    return 1;
  }
}

function toggleBox(szDivId, elem, msg1, msg2)
{
  var res = -1;  if (document.getElementById) {
    res = flip(document.getElementById(szDivId));
  }
  else if (document.all) {
    // this is the way old msie versions work
    res = flip(document.all[szDivId]);
  }
  if(elem) {
    if(res == 0) elem.innerHTML = msg1; else elem.innerHTML = msg2;
  }

}

function toggleAllBoxes() {
  if (document.getElementsByTagName) {
    d = document.getElementsByTagName('div');
    for (i = 0; i < d.length; i++) {
      if (d[i].className == 'log') {
        flip(d[i]);
      }
    }
  }
}

// -->
</script>

</head>
<body>
<h2 align='center'> SchedulerPageTest</h2><table border='1' align="center">
<tr>
<td>Tests passed/Failed/Skipped:</td><td>46/3/0</td>
</tr><tr>
<td>Started on:</td><td>Thu Oct 04 13:43:16 IST 2018</td>
</tr>
<tr><td>Total time:</td><td>119 seconds (119688 ms)</td>
</tr><tr>
<td>Included groups:</td><td></td>
</tr><tr>
<td>Excluded groups:</td><td></td>
</tr>
</table><p/>
<small><i>(Hover the method name to see the test class name)</i></small><p/>
<table width='100%' border='1' class='invocation-failed'>
<tr><td colspan='4' align='center'><b>FAILED TESTS</b></td></tr>
<tr><td><b>Test method</b></td>
<td width="30%"><b>Exception</b></td>
<td width="10%"><b>Time (seconds)</b></td>
<td><b>Instance</b></td>
</tr>
<tr>
<td title='com.ericsson.edos.rulesengine.testcases.SchedulerTest.AggregationTitleTest()'><b>AggregationTitleTest</b><br>Test class: com.ericsson.edos.rulesengine.testcases.SchedulerTest</td>
<td><div><pre>java.lang.AssertionError: Title is matching expected [Time Selection] but found [Time Aggregation]
	at com.ericsson.edos.rulesengine.testcases.SchedulerTest.AggregationTitleTest(SchedulerTest.java:231)
... Removed 30 stack frames</pre></div><a href='#' onClick='toggleBox("stack-trace372898106", this, "Click to show all stack frames", "Click to hide stack frames")'>Click to show all stack frames</a>
<div class='stack-trace' id='stack-trace372898106'><pre>java.lang.AssertionError: Title is matching expected [Time Selection] but found [Time Aggregation]
	at org.testng.Assert.fail(Assert.java:93)
	at org.testng.Assert.failNotEquals(Assert.java:512)
	at org.testng.Assert.assertEqualsImpl(Assert.java:134)
	at org.testng.Assert.assertEquals(Assert.java:115)
	at org.testng.Assert.assertEquals(Assert.java:189)
	at com.ericsson.edos.rulesengine.testcases.SchedulerTest.AggregationTitleTest(SchedulerTest.java:231)
	at java.base/jdk.internal.reflect.NativeMethodAccessorImpl.invoke0(Native Method)
	at java.base/jdk.internal.reflect.NativeMethodAccessorImpl.invoke(NativeMethodAccessorImpl.java:62)
	at java.base/jdk.internal.reflect.DelegatingMethodAccessorImpl.invoke(DelegatingMethodAccessorImpl.java:43)
	at java.base/java.lang.reflect.Method.invoke(Method.java:564)
	at org.testng.internal.MethodInvocationHelper.invokeMethod(MethodInvocationHelper.java:108)
	at org.testng.internal.Invoker.invokeMethod(Invoker.java:661)
	at org.testng.internal.Invoker.invokeTestMethod(Invoker.java:869)
	at org.testng.internal.Invoker.invokeTestMethods(Invoker.java:1193)
	at org.testng.internal.TestMethodWorker.invokeTestMethods(TestMethodWorker.java:126)
	at org.testng.internal.TestMethodWorker.run(TestMethodWorker.java:109)
	at org.testng.TestRunner.privateRun(TestRunner.java:744)
	at org.testng.TestRunner.run(TestRunner.java:602)
	at org.testng.SuiteRunner.runTest(SuiteRunner.java:380)
	at org.testng.SuiteRunner.runSequentially(SuiteRunner.java:375)
	at org.testng.SuiteRunner.privateRun(SuiteRunner.java:340)
	at org.testng.SuiteRunner.run(SuiteRunner.java:289)
	at org.testng.SuiteRunnerWorker.runSuite(SuiteRunnerWorker.java:52)
	at org.testng.SuiteRunnerWorker.run(SuiteRunnerWorker.java:86)
	at org.testng.TestNG.runSuitesSequentially(TestNG.java:1301)
	at org.testng.TestNG.runSuitesLocally(TestNG.java:1226)
	at org.testng.TestNG.runSuites(TestNG.java:1144)
	at org.testng.TestNG.run(TestNG.java:1115)
	at org.testng.remote.AbstractRemoteTestNG.run(AbstractRemoteTestNG.java:114)
	at org.testng.remote.RemoteTestNG.initAndRun(RemoteTestNG.java:251)
	at org.testng.remote.RemoteTestNG.main(RemoteTestNG.java:77)
</pre></div></td>
<td>0</td>
<td>com.ericsson.edos.rulesengine.testcases.SchedulerTest@446293d</td></tr>
<tr>
<td title='com.ericsson.edos.rulesengine.testcases.SchedulerTest.KPITemplateTextTest()'><b>KPITemplateTextTest</b><br>Test class: com.ericsson.edos.rulesengine.testcases.SchedulerTest</td>
<td><div><pre>java.lang.AssertionError: Text is matching expected [SoC_WorstOffenders_KPI_Template_N] but found [TopWorstReportsTemplate]
	at com.ericsson.edos.rulesengine.testcases.SchedulerTest.KPITemplateTextTest(SchedulerTest.java:450)
... Removed 30 stack frames</pre></div><a href='#' onClick='toggleBox("stack-trace1107218767", this, "Click to show all stack frames", "Click to hide stack frames")'>Click to show all stack frames</a>
<div class='stack-trace' id='stack-trace1107218767'><pre>java.lang.AssertionError: Text is matching expected [SoC_WorstOffenders_KPI_Template_N] but found [TopWorstReportsTemplate]
	at org.testng.Assert.fail(Assert.java:93)
	at org.testng.Assert.failNotEquals(Assert.java:512)
	at org.testng.Assert.assertEqualsImpl(Assert.java:134)
	at org.testng.Assert.assertEquals(Assert.java:115)
	at org.testng.Assert.assertEquals(Assert.java:189)
	at com.ericsson.edos.rulesengine.testcases.SchedulerTest.KPITemplateTextTest(SchedulerTest.java:450)
	at java.base/jdk.internal.reflect.NativeMethodAccessorImpl.invoke0(Native Method)
	at java.base/jdk.internal.reflect.NativeMethodAccessorImpl.invoke(NativeMethodAccessorImpl.java:62)
	at java.base/jdk.internal.reflect.DelegatingMethodAccessorImpl.invoke(DelegatingMethodAccessorImpl.java:43)
	at java.base/java.lang.reflect.Method.invoke(Method.java:564)
	at org.testng.internal.MethodInvocationHelper.invokeMethod(MethodInvocationHelper.java:108)
	at org.testng.internal.Invoker.invokeMethod(Invoker.java:661)
	at org.testng.internal.Invoker.invokeTestMethod(Invoker.java:869)
	at org.testng.internal.Invoker.invokeTestMethods(Invoker.java:1193)
	at org.testng.internal.TestMethodWorker.invokeTestMethods(TestMethodWorker.java:126)
	at org.testng.internal.TestMethodWorker.run(TestMethodWorker.java:109)
	at org.testng.TestRunner.privateRun(TestRunner.java:744)
	at org.testng.TestRunner.run(TestRunner.java:602)
	at org.testng.SuiteRunner.runTest(SuiteRunner.java:380)
	at org.testng.SuiteRunner.runSequentially(SuiteRunner.java:375)
	at org.testng.SuiteRunner.privateRun(SuiteRunner.java:340)
	at org.testng.SuiteRunner.run(SuiteRunner.java:289)
	at org.testng.SuiteRunnerWorker.runSuite(SuiteRunnerWorker.java:52)
	at org.testng.SuiteRunnerWorker.run(SuiteRunnerWorker.java:86)
	at org.testng.TestNG.runSuitesSequentially(TestNG.java:1301)
	at org.testng.TestNG.runSuitesLocally(TestNG.java:1226)
	at org.testng.TestNG.runSuites(TestNG.java:1144)
	at org.testng.TestNG.run(TestNG.java:1115)
	at org.testng.remote.AbstractRemoteTestNG.run(AbstractRemoteTestNG.java:114)
	at org.testng.remote.RemoteTestNG.initAndRun(RemoteTestNG.java:251)
	at org.testng.remote.RemoteTestNG.main(RemoteTestNG.java:77)
</pre></div></td>
<td>0</td>
<td>com.ericsson.edos.rulesengine.testcases.SchedulerTest@446293d</td></tr>
<tr>
<td title='com.ericsson.edos.rulesengine.testcases.SchedulerTest.SchedulerTitleTest()'><b>SchedulerTitleTest</b><br>Test class: com.ericsson.edos.rulesengine.testcases.SchedulerTest</td>
<td><div><pre>java.lang.AssertionError: Title is not matching expected [Scheduler] but found [Scheduler (Asia/Rangoon)]
	at com.ericsson.edos.rulesengine.testcases.SchedulerTest.SchedulerTitleTest(SchedulerTest.java:69)
... Removed 30 stack frames</pre></div><a href='#' onClick='toggleBox("stack-trace1109461985", this, "Click to show all stack frames", "Click to hide stack frames")'>Click to show all stack frames</a>
<div class='stack-trace' id='stack-trace1109461985'><pre>java.lang.AssertionError: Title is not matching expected [Scheduler] but found [Scheduler (Asia/Rangoon)]
	at org.testng.Assert.fail(Assert.java:93)
	at org.testng.Assert.failNotEquals(Assert.java:512)
	at org.testng.Assert.assertEqualsImpl(Assert.java:134)
	at org.testng.Assert.assertEquals(Assert.java:115)
	at org.testng.Assert.assertEquals(Assert.java:189)
	at com.ericsson.edos.rulesengine.testcases.SchedulerTest.SchedulerTitleTest(SchedulerTest.java:69)
	at java.base/jdk.internal.reflect.NativeMethodAccessorImpl.invoke0(Native Method)
	at java.base/jdk.internal.reflect.NativeMethodAccessorImpl.invoke(NativeMethodAccessorImpl.java:62)
	at java.base/jdk.internal.reflect.DelegatingMethodAccessorImpl.invoke(DelegatingMethodAccessorImpl.java:43)
	at java.base/java.lang.reflect.Method.invoke(Method.java:564)
	at org.testng.internal.MethodInvocationHelper.invokeMethod(MethodInvocationHelper.java:108)
	at org.testng.internal.Invoker.invokeMethod(Invoker.java:661)
	at org.testng.internal.Invoker.invokeTestMethod(Invoker.java:869)
	at org.testng.internal.Invoker.invokeTestMethods(Invoker.java:1193)
	at org.testng.internal.TestMethodWorker.invokeTestMethods(TestMethodWorker.java:126)
	at org.testng.internal.TestMethodWorker.run(TestMethodWorker.java:109)
	at org.testng.TestRunner.privateRun(TestRunner.java:744)
	at org.testng.TestRunner.run(TestRunner.java:602)
	at org.testng.SuiteRunner.runTest(SuiteRunner.java:380)
	at org.testng.SuiteRunner.runSequentially(SuiteRunner.java:375)
	at org.testng.SuiteRunner.privateRun(SuiteRunner.java:340)
	at org.testng.SuiteRunner.run(SuiteRunner.java:289)
	at org.testng.SuiteRunnerWorker.runSuite(SuiteRunnerWorker.java:52)
	at org.testng.SuiteRunnerWorker.run(SuiteRunnerWorker.java:86)
	at org.testng.TestNG.runSuitesSequentially(TestNG.java:1301)
	at org.testng.TestNG.runSuitesLocally(TestNG.java:1226)
	at org.testng.TestNG.runSuites(TestNG.java:1144)
	at org.testng.TestNG.run(TestNG.java:1115)
	at org.testng.remote.AbstractRemoteTestNG.run(AbstractRemoteTestNG.java:114)
	at org.testng.remote.RemoteTestNG.initAndRun(RemoteTestNG.java:251)
	at org.testng.remote.RemoteTestNG.main(RemoteTestNG.java:77)
</pre></div></td>
<td>0</td>
<td>com.ericsson.edos.rulesengine.testcases.SchedulerTest@446293d</td></tr>
</table><p>
<table width='100%' border='1' class='invocation-passed'>
<tr><td colspan='4' align='center'><b>PASSED TESTS</b></td></tr>
<tr><td><b>Test method</b></td>
<td width="30%"><b>Exception</b></td>
<td width="10%"><b>Time (seconds)</b></td>
<td><b>Instance</b></td>
</tr>
<tr>
<td title='com.ericsson.edos.rulesengine.testcases.SchedulerTest.AddExecClickTest()'><b>AddExecClickTest</b><br>Test class: com.ericsson.edos.rulesengine.testcases.SchedulerTest</td>
<td></td>
<td>2</td>
<td>com.ericsson.edos.rulesengine.testcases.SchedulerTest@446293d</td></tr>
<tr>
<td title='com.ericsson.edos.rulesengine.testcases.SchedulerTest.AggregationTextTest()'><b>AggregationTextTest</b><br>Test class: com.ericsson.edos.rulesengine.testcases.SchedulerTest</td>
<td></td>
<td>2</td>
<td>com.ericsson.edos.rulesengine.testcases.SchedulerTest@446293d</td></tr>
<tr>
<td title='com.ericsson.edos.rulesengine.testcases.SchedulerTest.CancelClickTest()'><b>CancelClickTest</b><br>Test class: com.ericsson.edos.rulesengine.testcases.SchedulerTest</td>
<td></td>
<td>2</td>
<td>com.ericsson.edos.rulesengine.testcases.SchedulerTest@446293d</td></tr>
<tr>
<td title='com.ericsson.edos.rulesengine.testcases.SchedulerTest.Click1Test()'><b>Click1Test</b><br>Test class: com.ericsson.edos.rulesengine.testcases.SchedulerTest</td>
<td></td>
<td>2</td>
<td>com.ericsson.edos.rulesengine.testcases.SchedulerTest@446293d</td></tr>
<tr>
<td title='com.ericsson.edos.rulesengine.testcases.SchedulerTest.ClickGenerateReportTest()'><b>ClickGenerateReportTest</b><br>Test class: com.ericsson.edos.rulesengine.testcases.SchedulerTest</td>
<td></td>
<td>2</td>
<td>com.ericsson.edos.rulesengine.testcases.SchedulerTest@446293d</td></tr>
<tr>
<td title='com.ericsson.edos.rulesengine.testcases.SchedulerTest.ClickNext1Test()'><b>ClickNext1Test</b><br>Test class: com.ericsson.edos.rulesengine.testcases.SchedulerTest</td>
<td></td>
<td>2</td>
<td>com.ericsson.edos.rulesengine.testcases.SchedulerTest@446293d</td></tr>
<tr>
<td title='com.ericsson.edos.rulesengine.testcases.SchedulerTest.ClickNext2Test()'><b>ClickNext2Test</b><br>Test class: com.ericsson.edos.rulesengine.testcases.SchedulerTest</td>
<td></td>
<td>2</td>
<td>com.ericsson.edos.rulesengine.testcases.SchedulerTest@446293d</td></tr>
<tr>
<td title='com.ericsson.edos.rulesengine.testcases.SchedulerTest.ClickNext3Test()'><b>ClickNext3Test</b><br>Test class: com.ericsson.edos.rulesengine.testcases.SchedulerTest</td>
<td></td>
<td>2</td>
<td>com.ericsson.edos.rulesengine.testcases.SchedulerTest@446293d</td></tr>
<tr>
<td title='com.ericsson.edos.rulesengine.testcases.SchedulerTest.ClickNext4Test()'><b>ClickNext4Test</b><br>Test class: com.ericsson.edos.rulesengine.testcases.SchedulerTest</td>
<td></td>
<td>2</td>
<td>com.ericsson.edos.rulesengine.testcases.SchedulerTest@446293d</td></tr>
<tr>
<td title='com.ericsson.edos.rulesengine.testcases.SchedulerTest.ClickNext5Test()'><b>ClickNext5Test</b><br>Test class: com.ericsson.edos.rulesengine.testcases.SchedulerTest</td>
<td></td>
<td>2</td>
<td>com.ericsson.edos.rulesengine.testcases.SchedulerTest@446293d</td></tr>
<tr>
<td title='com.ericsson.edos.rulesengine.testcases.SchedulerTest.ClickNext6Test()'><b>ClickNext6Test</b><br>Test class: com.ericsson.edos.rulesengine.testcases.SchedulerTest</td>
<td></td>
<td>2</td>
<td>com.ericsson.edos.rulesengine.testcases.SchedulerTest@446293d</td></tr>
<tr>
<td title='com.ericsson.edos.rulesengine.testcases.SchedulerTest.ClickNextTest()'><b>ClickNextTest</b><br>Test class: com.ericsson.edos.rulesengine.testcases.SchedulerTest</td>
<td></td>
<td>2</td>
<td>com.ericsson.edos.rulesengine.testcases.SchedulerTest@446293d</td></tr>
<tr>
<td title='com.ericsson.edos.rulesengine.testcases.SchedulerTest.ClickTest()'><b>ClickTest</b><br>Test class: com.ericsson.edos.rulesengine.testcases.SchedulerTest</td>
<td></td>
<td>2</td>
<td>com.ericsson.edos.rulesengine.testcases.SchedulerTest@446293d</td></tr>
<tr>
<td title='com.ericsson.edos.rulesengine.testcases.SchedulerTest.DataSelectionTextTest()'><b>DataSelectionTextTest</b><br>Test class: com.ericsson.edos.rulesengine.testcases.SchedulerTest</td>
<td></td>
<td>2</td>
<td>com.ericsson.edos.rulesengine.testcases.SchedulerTest@446293d</td></tr>
<tr>
<td title='com.ericsson.edos.rulesengine.testcases.SchedulerTest.DataSourceClickTest()'><b>DataSourceClickTest</b><br>Test class: com.ericsson.edos.rulesengine.testcases.SchedulerTest</td>
<td></td>
<td>2</td>
<td>com.ericsson.edos.rulesengine.testcases.SchedulerTest@446293d</td></tr>
<tr>
<td title='com.ericsson.edos.rulesengine.testcases.SchedulerTest.DateCaratTest()'><b>DateCaratTest</b><br>Test class: com.ericsson.edos.rulesengine.testcases.SchedulerTest</td>
<td></td>
<td>2</td>
<td>com.ericsson.edos.rulesengine.testcases.SchedulerTest@446293d</td></tr>
<tr>
<td title='com.ericsson.edos.rulesengine.testcases.SchedulerTest.EmailListTextTest()'><b>EmailListTextTest</b><br>Test class: com.ericsson.edos.rulesengine.testcases.SchedulerTest</td>
<td></td>
<td>2</td>
<td>com.ericsson.edos.rulesengine.testcases.SchedulerTest@446293d</td></tr>
<tr>
<td title='com.ericsson.edos.rulesengine.testcases.SchedulerTest.FinishCheckTest()'><b>FinishCheckTest</b><br>Test class: com.ericsson.edos.rulesengine.testcases.SchedulerTest</td>
<td></td>
<td>2</td>
<td>com.ericsson.edos.rulesengine.testcases.SchedulerTest@446293d</td></tr>
<tr>
<td title='com.ericsson.edos.rulesengine.testcases.SchedulerTest.GenerateReportTextTest()'><b>GenerateReportTextTest</b><br>Test class: com.ericsson.edos.rulesengine.testcases.SchedulerTest</td>
<td></td>
<td>2</td>
<td>com.ericsson.edos.rulesengine.testcases.SchedulerTest@446293d</td></tr>
<tr>
<td title='com.ericsson.edos.rulesengine.testcases.SchedulerTest.HomePageTitleCheck()'><b>HomePageTitleCheck</b><br>Test class: com.ericsson.edos.rulesengine.testcases.SchedulerTest</td>
<td></td>
<td>2</td>
<td>com.ericsson.edos.rulesengine.testcases.SchedulerTest@446293d</td></tr>
<tr>
<td title='com.ericsson.edos.rulesengine.testcases.SchedulerTest.NextClickTest()'><b>NextClickTest</b><br>Test class: com.ericsson.edos.rulesengine.testcases.SchedulerTest</td>
<td></td>
<td>2</td>
<td>com.ericsson.edos.rulesengine.testcases.SchedulerTest@446293d</td></tr>
<tr>
<td title='com.ericsson.edos.rulesengine.testcases.SchedulerTest.PreviousClick1Test()'><b>PreviousClick1Test</b><br>Test class: com.ericsson.edos.rulesengine.testcases.SchedulerTest</td>
<td></td>
<td>2</td>
<td>com.ericsson.edos.rulesengine.testcases.SchedulerTest@446293d</td></tr>
<tr>
<td title='com.ericsson.edos.rulesengine.testcases.SchedulerTest.PreviousClick2Test()'><b>PreviousClick2Test</b><br>Test class: com.ericsson.edos.rulesengine.testcases.SchedulerTest</td>
<td></td>
<td>2</td>
<td>com.ericsson.edos.rulesengine.testcases.SchedulerTest@446293d</td></tr>
<tr>
<td title='com.ericsson.edos.rulesengine.testcases.SchedulerTest.PreviousClick3Test()'><b>PreviousClick3Test</b><br>Test class: com.ericsson.edos.rulesengine.testcases.SchedulerTest</td>
<td></td>
<td>2</td>
<td>com.ericsson.edos.rulesengine.testcases.SchedulerTest@446293d</td></tr>
<tr>
<td title='com.ericsson.edos.rulesengine.testcases.SchedulerTest.PreviousClick6Test()'><b>PreviousClick6Test</b><br>Test class: com.ericsson.edos.rulesengine.testcases.SchedulerTest</td>
<td></td>
<td>2</td>
<td>com.ericsson.edos.rulesengine.testcases.SchedulerTest@446293d</td></tr>
<tr>
<td title='com.ericsson.edos.rulesengine.testcases.SchedulerTest.PreviousClick7Test()'><b>PreviousClick7Test</b><br>Test class: com.ericsson.edos.rulesengine.testcases.SchedulerTest</td>
<td></td>
<td>2</td>
<td>com.ericsson.edos.rulesengine.testcases.SchedulerTest@446293d</td></tr>
<tr>
<td title='com.ericsson.edos.rulesengine.testcases.SchedulerTest.PreviousClickTest()'><b>PreviousClickTest</b><br>Test class: com.ericsson.edos.rulesengine.testcases.SchedulerTest</td>
<td></td>
<td>2</td>
<td>com.ericsson.edos.rulesengine.testcases.SchedulerTest@446293d</td></tr>
<tr>
<td title='com.ericsson.edos.rulesengine.testcases.SchedulerTest.RecurrenceTextTest()'><b>RecurrenceTextTest</b><br>Test class: com.ericsson.edos.rulesengine.testcases.SchedulerTest</td>
<td></td>
<td>2</td>
<td>com.ericsson.edos.rulesengine.testcases.SchedulerTest@446293d</td></tr>
<tr>
<td title='com.ericsson.edos.rulesengine.testcases.SchedulerTest.RepeatClickTest()'><b>RepeatClickTest</b><br>Test class: com.ericsson.edos.rulesengine.testcases.SchedulerTest</td>
<td></td>
<td>2</td>
<td>com.ericsson.edos.rulesengine.testcases.SchedulerTest@446293d</td></tr>
<tr>
<td title='com.ericsson.edos.rulesengine.testcases.SchedulerTest.RepeatOperationTest()'><b>RepeatOperationTest</b><br>Test class: com.ericsson.edos.rulesengine.testcases.SchedulerTest</td>
<td></td>
<td>9</td>
<td>com.ericsson.edos.rulesengine.testcases.SchedulerTest@446293d</td></tr>
<tr>
<td title='com.ericsson.edos.rulesengine.testcases.SchedulerTest.RepeatTextTest()'><b>RepeatTextTest</b><br>Test class: com.ericsson.edos.rulesengine.testcases.SchedulerTest</td>
<td></td>
<td>2</td>
<td>com.ericsson.edos.rulesengine.testcases.SchedulerTest@446293d</td></tr>
<tr>
<td title='com.ericsson.edos.rulesengine.testcases.SchedulerTest.RuleSelectionTextTest()'><b>RuleSelectionTextTest</b><br>Test class: com.ericsson.edos.rulesengine.testcases.SchedulerTest</td>
<td></td>
<td>2</td>
<td>com.ericsson.edos.rulesengine.testcases.SchedulerTest@446293d</td></tr>
<tr>
<td title='com.ericsson.edos.rulesengine.testcases.SchedulerTest.SchedulerTabTest()'><b>SchedulerTabTest</b><br>Test class: com.ericsson.edos.rulesengine.testcases.SchedulerTest</td>
<td></td>
<td>0</td>
<td>com.ericsson.edos.rulesengine.testcases.SchedulerTest@446293d</td></tr>
<tr>
<td title='com.ericsson.edos.rulesengine.testcases.SchedulerTest.SelectPeriodClickTest()'><b>SelectPeriodClickTest</b><br>Test class: com.ericsson.edos.rulesengine.testcases.SchedulerTest</td>
<td></td>
<td>2</td>
<td>com.ericsson.edos.rulesengine.testcases.SchedulerTest@446293d</td></tr>
<tr>
<td title='com.ericsson.edos.rulesengine.testcases.SchedulerTest.SelectTimeTest()'><b>SelectTimeTest</b><br>Test class: com.ericsson.edos.rulesengine.testcases.SchedulerTest</td>
<td></td>
<td>2</td>
<td>com.ericsson.edos.rulesengine.testcases.SchedulerTest@446293d</td></tr>
<tr>
<td title='com.ericsson.edos.rulesengine.testcases.SchedulerTest.SelectTotalCheckboxTest()'><b>SelectTotalCheckboxTest</b><br>Test class: com.ericsson.edos.rulesengine.testcases.SchedulerTest</td>
<td></td>
<td>2</td>
<td>com.ericsson.edos.rulesengine.testcases.SchedulerTest@446293d</td></tr>
<tr>
<td title='com.ericsson.edos.rulesengine.testcases.SchedulerTest.SingleExecClickTest()'><b>SingleExecClickTest</b><br>Test class: com.ericsson.edos.rulesengine.testcases.SchedulerTest</td>
<td></td>
<td>2</td>
<td>com.ericsson.edos.rulesengine.testcases.SchedulerTest@446293d</td></tr>
<tr>
<td title='com.ericsson.edos.rulesengine.testcases.SchedulerTest.SingleExecTextTest()'><b>SingleExecTextTest</b><br>Test class: com.ericsson.edos.rulesengine.testcases.SchedulerTest</td>
<td></td>
<td>2</td>
<td>com.ericsson.edos.rulesengine.testcases.SchedulerTest@446293d</td></tr>
<tr>
<td title='com.ericsson.edos.rulesengine.testcases.SchedulerTest.TechnologyTextTest()'><b>TechnologyTextTest</b><br>Test class: com.ericsson.edos.rulesengine.testcases.SchedulerTest</td>
<td></td>
<td>2</td>
<td>com.ericsson.edos.rulesengine.testcases.SchedulerTest@446293d</td></tr>
<tr>
<td title='com.ericsson.edos.rulesengine.testcases.SchedulerTest.TemplateCheckTest()'><b>TemplateCheckTest</b><br>Test class: com.ericsson.edos.rulesengine.testcases.SchedulerTest</td>
<td></td>
<td>2</td>
<td>com.ericsson.edos.rulesengine.testcases.SchedulerTest@446293d</td></tr>
<tr>
<td title='com.ericsson.edos.rulesengine.testcases.SchedulerTest.TemplateClickTest()'><b>TemplateClickTest</b><br>Test class: com.ericsson.edos.rulesengine.testcases.SchedulerTest</td>
<td></td>
<td>2</td>
<td>com.ericsson.edos.rulesengine.testcases.SchedulerTest@446293d</td></tr>
<tr>
<td title='com.ericsson.edos.rulesengine.testcases.SchedulerTest.TemplateNameTest()'><b>TemplateNameTest</b><br>Test class: com.ericsson.edos.rulesengine.testcases.SchedulerTest</td>
<td></td>
<td>2</td>
<td>com.ericsson.edos.rulesengine.testcases.SchedulerTest@446293d</td></tr>
<tr>
<td title='com.ericsson.edos.rulesengine.testcases.SchedulerTest.TemplatesTextTest()'><b>TemplatesTextTest</b><br>Test class: com.ericsson.edos.rulesengine.testcases.SchedulerTest</td>
<td></td>
<td>2</td>
<td>com.ericsson.edos.rulesengine.testcases.SchedulerTest@446293d</td></tr>
<tr>
<td title='com.ericsson.edos.rulesengine.testcases.SchedulerTest.ToLastDateCaratTest()'><b>ToLastDateCaratTest</b><br>Test class: com.ericsson.edos.rulesengine.testcases.SchedulerTest</td>
<td></td>
<td>2</td>
<td>com.ericsson.edos.rulesengine.testcases.SchedulerTest@446293d</td></tr>
<tr>
<td title='com.ericsson.edos.rulesengine.testcases.SchedulerTest.ValidateInsertedRuleTest()'><b>ValidateInsertedRuleTest</b><br>Test class: com.ericsson.edos.rulesengine.testcases.SchedulerTest</td>
<td></td>
<td>17</td>
<td>com.ericsson.edos.rulesengine.testcases.SchedulerTest@446293d</td></tr>
<tr>
<td title='com.ericsson.edos.rulesengine.testcases.SchedulerTest.VendorTextTest()'><b>VendorTextTest</b><br>Test class: com.ericsson.edos.rulesengine.testcases.SchedulerTest</td>
<td></td>
<td>2</td>
<td>com.ericsson.edos.rulesengine.testcases.SchedulerTest@446293d</td></tr>
</table><p>
</body>
</html>