<?xml version="1.0" encoding="UTF-8"?>
<!-- Generated by org.testng.reporters.JUnitXMLReporter -->
<testsuite ignored="0" hostname="R90FDWLP" failures="3" tests="49" name=" SchedulerPageTest" time="119.688" errors="0" timestamp="04 Oct 2018 08:15:16 GMT">
  <testcase classname="com.ericsson.edos.rulesengine.testcases.SchedulerTest" name="HomePageTitleCheck" time="2.022"/>
  <testcase classname="com.ericsson.edos.rulesengine.testcases.SchedulerTest" name="SchedulerTabTest" time="0.078"/>
  <testcase classname="com.ericsson.edos.rulesengine.testcases.SchedulerTest" name="SchedulerTitleTest" time="0.032">
    <failure type="java.lang.AssertionError" message="Title is not matching expected [Scheduler] but found [Scheduler (Asia/Rangoon)]">
      <![CDATA[java.lang.AssertionError: Title is not matching expected [Scheduler] but found [Scheduler (Asia/Rangoon)]
	at com.ericsson.edos.rulesengine.testcases.SchedulerTest.SchedulerTitleTest(SchedulerTest.java:69)
... Removed 30 stack frames]]>
    </failure>
  </testcase> <!-- SchedulerTitleTest -->
  <testcase classname="com.ericsson.edos.rulesengine.testcases.SchedulerTest" name="AddExecClickTest" time="2.281"/>
  <testcase classname="com.ericsson.edos.rulesengine.testcases.SchedulerTest" name="RuleSelectionTextTest" time="2.094"/>
  <testcase classname="com.ericsson.edos.rulesengine.testcases.SchedulerTest" name="TechnologyTextTest" time="2.261"/>
  <testcase classname="com.ericsson.edos.rulesengine.testcases.SchedulerTest" name="VendorTextTest" time="2.251"/>
  <testcase classname="com.ericsson.edos.rulesengine.testcases.SchedulerTest" name="CancelClickTest" time="2.169"/>
  <testcase classname="com.ericsson.edos.rulesengine.testcases.SchedulerTest" name="RepeatOperationTest" time="9.778"/>
  <testcase classname="com.ericsson.edos.rulesengine.testcases.SchedulerTest" name="TemplateClickTest" time="2.151"/>
  <testcase classname="com.ericsson.edos.rulesengine.testcases.SchedulerTest" name="PreviousClickTest" time="2.145"/>
  <testcase classname="com.ericsson.edos.rulesengine.testcases.SchedulerTest" name="NextClickTest" time="2.177"/>
  <testcase classname="com.ericsson.edos.rulesengine.testcases.SchedulerTest" name="DataSelectionTextTest" time="2.076"/>
  <testcase classname="com.ericsson.edos.rulesengine.testcases.SchedulerTest" name="TemplateNameTest" time="2.083"/>
  <testcase classname="com.ericsson.edos.rulesengine.testcases.SchedulerTest" name="PreviousClick1Test" time="2.127"/>
  <testcase classname="com.ericsson.edos.rulesengine.testcases.SchedulerTest" name="ClickNextTest" time="2.099"/>
  <testcase classname="com.ericsson.edos.rulesengine.testcases.SchedulerTest" name="DataSourceClickTest" time="2.116"/>
  <testcase classname="com.ericsson.edos.rulesengine.testcases.SchedulerTest" name="ClickNext1Test" time="2.118"/>
  <testcase classname="com.ericsson.edos.rulesengine.testcases.SchedulerTest" name="AggregationTextTest" time="2.076"/>
  <testcase classname="com.ericsson.edos.rulesengine.testcases.SchedulerTest" name="AggregationTitleTest" time="0.078">
    <failure type="java.lang.AssertionError" message="Title is matching expected [Time Selection] but found [Time Aggregation]">
      <![CDATA[java.lang.AssertionError: Title is matching expected [Time Selection] but found [Time Aggregation]
	at com.ericsson.edos.rulesengine.testcases.SchedulerTest.AggregationTitleTest(SchedulerTest.java:231)
... Removed 30 stack frames]]>
    </failure>
  </testcase> <!-- AggregationTitleTest -->
  <testcase classname="com.ericsson.edos.rulesengine.testcases.SchedulerTest" name="SelectTimeTest" time="2.178"/>
  <testcase classname="com.ericsson.edos.rulesengine.testcases.SchedulerTest" name="PreviousClick2Test" time="2.526"/>
  <testcase classname="com.ericsson.edos.rulesengine.testcases.SchedulerTest" name="ClickNext2Test" time="2.109"/>
  <testcase classname="com.ericsson.edos.rulesengine.testcases.SchedulerTest" name="SelectTotalCheckboxTest" time="2.15"/>
  <testcase classname="com.ericsson.edos.rulesengine.testcases.SchedulerTest" name="SelectPeriodClickTest" time="2.107"/>
  <testcase classname="com.ericsson.edos.rulesengine.testcases.SchedulerTest" name="DateCaratTest" time="2.129"/>
  <testcase classname="com.ericsson.edos.rulesengine.testcases.SchedulerTest" name="ToLastDateCaratTest" time="2.084"/>
  <testcase classname="com.ericsson.edos.rulesengine.testcases.SchedulerTest" name="ClickNext3Test" time="2.129"/>
  <testcase classname="com.ericsson.edos.rulesengine.testcases.SchedulerTest" name="RecurrenceTextTest" time="2.094"/>
  <testcase classname="com.ericsson.edos.rulesengine.testcases.SchedulerTest" name="RepeatTextTest" time="2.077"/>
  <testcase classname="com.ericsson.edos.rulesengine.testcases.SchedulerTest" name="PreviousClick3Test" time="2.148"/>
  <testcase classname="com.ericsson.edos.rulesengine.testcases.SchedulerTest" name="ClickNext4Test" time="2.08"/>
  <testcase classname="com.ericsson.edos.rulesengine.testcases.SchedulerTest" name="RepeatClickTest" time="2.135"/>
  <testcase classname="com.ericsson.edos.rulesengine.testcases.SchedulerTest" name="SingleExecTextTest" time="2.107"/>
  <testcase classname="com.ericsson.edos.rulesengine.testcases.SchedulerTest" name="SingleExecClickTest" time="2.159"/>
  <testcase classname="com.ericsson.edos.rulesengine.testcases.SchedulerTest" name="ClickTest" time="2.142"/>
  <testcase classname="com.ericsson.edos.rulesengine.testcases.SchedulerTest" name="EmailListTextTest" time="2.076"/>
  <testcase classname="com.ericsson.edos.rulesengine.testcases.SchedulerTest" name="PreviousClick6Test" time="2.114"/>
  <testcase classname="com.ericsson.edos.rulesengine.testcases.SchedulerTest" name="ClickNext5Test" time="2.117"/>
  <testcase classname="com.ericsson.edos.rulesengine.testcases.SchedulerTest" name="GenerateReportTextTest" time="2.078"/>
  <testcase classname="com.ericsson.edos.rulesengine.testcases.SchedulerTest" name="ClickGenerateReportTest" time="2.111"/>
  <testcase classname="com.ericsson.edos.rulesengine.testcases.SchedulerTest" name="Click1Test" time="2.165"/>
  <testcase classname="com.ericsson.edos.rulesengine.testcases.SchedulerTest" name="TemplatesTextTest" time="2.078"/>
  <testcase classname="com.ericsson.edos.rulesengine.testcases.SchedulerTest" name="PreviousClick7Test" time="2.122"/>
  <testcase classname="com.ericsson.edos.rulesengine.testcases.SchedulerTest" name="ClickNext6Test" time="2.133"/>
  <testcase classname="com.ericsson.edos.rulesengine.testcases.SchedulerTest" name="KPITemplateTextTest" time="0.078">
    <failure type="java.lang.AssertionError" message="Text is matching expected [SoC_WorstOffenders_KPI_Template_N] but found [TopWorstReportsTemplate]">
      <![CDATA[java.lang.AssertionError: Text is matching expected [SoC_WorstOffenders_KPI_Template_N] but found [TopWorstReportsTemplate]
	at com.ericsson.edos.rulesengine.testcases.SchedulerTest.KPITemplateTextTest(SchedulerTest.java:450)
... Removed 30 stack frames]]>
    </failure>
  </testcase> <!-- KPITemplateTextTest -->
  <testcase classname="com.ericsson.edos.rulesengine.testcases.SchedulerTest" name="TemplateCheckTest" time="2.153"/>
  <testcase classname="com.ericsson.edos.rulesengine.testcases.SchedulerTest" name="FinishCheckTest" time="2.155"/>
  <testcase classname="com.ericsson.edos.rulesengine.testcases.SchedulerTest" name="ValidateInsertedRuleTest" time="17.71"/>
</testsuite> <!--  SchedulerPageTest -->
