<?xml version="1.0" encoding="UTF-8"?>
<!-- Generated by org.testng.reporters.JUnitXMLReporter -->
<testsuite ignored="0" hostname="R90FDWLP" failures="1" tests="9" name="TemplateManagementTest" time="33.337" errors="0" timestamp="04 Oct 2018 08:11:18 GMT">
  <testcase classname="com.ericsson.edos.rulesengine.testcases.TemplateManagementTest" name="TemplateManagementLogoDisplayTest" time="2.053"/>
  <testcase classname="com.ericsson.edos.rulesengine.testcases.TemplateManagementTest" name="TemplateManagementTextDisplayTest" time="2.077"/>
  <testcase classname="com.ericsson.edos.rulesengine.testcases.TemplateManagementTest" name="clickimportTemplateTest" time="2.135"/>
  <testcase classname="com.ericsson.edos.rulesengine.testcases.TemplateManagementTest" name="enterTemplatenameTest" time="2.263"/>
  <testcase classname="com.ericsson.edos.rulesengine.testcases.TemplateManagementTest" name="chooseFileTest" time="2.096"/>
  <testcase classname="com.ericsson.edos.rulesengine.testcases.TemplateManagementTest" name="saveButtonTest" time="7.101"/>
  <testcase classname="com.ericsson.edos.rulesengine.testcases.TemplateManagementTest" name="verifyfileuploadTest" time="5.091">
    <failure type="java.lang.AssertionError" message="File is not uploaded successfully expected [The file was successfully uploaded] but found []">
      <![CDATA[java.lang.AssertionError: File is not uploaded successfully expected [The file was successfully uploaded] but found []
	at com.ericsson.edos.rulesengine.testcases.TemplateManagementTest.verifyfileuploadTest(TemplateManagementTest.java:82)
... Removed 30 stack frames]]>
    </failure>
  </testcase> <!-- verifyfileuploadTest -->
  <testcase classname="com.ericsson.edos.rulesengine.testcases.TemplateManagementTest" name="verifyfileuploadOKButtonTest" time="5.169"/>
  <testcase classname="com.ericsson.edos.rulesengine.testcases.TemplateManagementTest" name="verifyTemaplateNameExistTest" time="5.348"/>
</testsuite> <!-- TemplateManagementTest -->
