<?xml version="1.0" encoding="UTF-8"?>
<!-- Generated by org.testng.reporters.JUnitReportReporter -->
<testsuite skipped="3" hostname="5CG4503MCF" name="com.ericsson.edos.dopuatautomation.testcases.BouyguesTest" tests="8" failures="1" timestamp="12 Mar 2019 11:21:25 GMT" time="561.951" errors="0">
  <testcase name="VerifyAllTitleTest" time="62.098" classname="com.ericsson.edos.dopuatautomation.testcases.BouyguesTest"/>
  <testcase name="VerifyenodeBUtranCellTest" time="64.650" classname="com.ericsson.edos.dopuatautomation.testcases.BouyguesTest"/>
  <testcase name="ValidateSearchingForCell" time="52.310" classname="com.ericsson.edos.dopuatautomation.testcases.BouyguesTest"/>
  <testcase name="VerifyCounterAddedQBReportinTable" time="64.266" classname="com.ericsson.edos.dopuatautomation.testcases.BouyguesTest"/>
  <testcase name="VerifyQBReportinTable" time="318.627" classname="com.ericsson.edos.dopuatautomation.testcases.BouyguesTest">
    <failure type="java.lang.AssertionError" message="Table Doesn&#039;t Contains the Slected counter and Dates filtred expected [true] but found [false]">
      <![CDATA[java.lang.AssertionError: Table Doesn't Contains the Slected counter and Dates filtred expected [true] but found [false]
	at org.testng.Assert.fail(Assert.java:93)
	at org.testng.Assert.failNotEquals(Assert.java:512)
	at org.testng.Assert.assertTrue(Assert.java:41)
	at com.ericsson.edos.dopuatautomation.testcases.BouyguesTest.VerifyQBReportinTable(BouyguesTest.java:377)
	at sun.reflect.NativeMethodAccessorImpl.invoke0(Native Method)
	at sun.reflect.NativeMethodAccessorImpl.invoke(NativeMethodAccessorImpl.java:62)
	at sun.reflect.DelegatingMethodAccessorImpl.invoke(DelegatingMethodAccessorImpl.java:43)
	at java.lang.reflect.Method.invoke(Method.java:498)
	at org.testng.internal.MethodInvocationHelper.invokeMethod(MethodInvocationHelper.java:108)
	at org.testng.internal.Invoker.invokeMethod(Invoker.java:661)
	at org.testng.internal.Invoker.invokeTestMethod(Invoker.java:869)
	at org.testng.internal.Invoker.invokeTestMethods(Invoker.java:1193)
	at org.testng.internal.TestMethodWorker.invokeTestMethods(TestMethodWorker.java:126)
	at org.testng.internal.TestMethodWorker.run(TestMethodWorker.java:109)
	at org.testng.TestRunner.privateRun(TestRunner.java:744)
	at org.testng.TestRunner.run(TestRunner.java:602)
	at org.testng.SuiteRunner.runTest(SuiteRunner.java:380)
	at org.testng.SuiteRunner.runSequentially(SuiteRunner.java:375)
	at org.testng.SuiteRunner.privateRun(SuiteRunner.java:340)
	at org.testng.SuiteRunner.run(SuiteRunner.java:289)
	at org.testng.SuiteRunnerWorker.runSuite(SuiteRunnerWorker.java:52)
	at org.testng.SuiteRunnerWorker.run(SuiteRunnerWorker.java:86)
	at org.testng.TestNG.runSuitesSequentially(TestNG.java:1301)
	at org.testng.TestNG.runSuitesLocally(TestNG.java:1226)
	at org.testng.TestNG.runSuites(TestNG.java:1144)
	at org.testng.TestNG.run(TestNG.java:1115)
	at org.testng.remote.AbstractRemoteTestNG.run(AbstractRemoteTestNG.java:114)
	at org.testng.remote.RemoteTestNG.initAndRun(RemoteTestNG.java:251)
	at org.testng.remote.RemoteTestNG.main(RemoteTestNG.java:77)
]]>
    </failure>
  </testcase> <!-- VerifyQBReportinTable -->
  <testcase name="VerifyExportToExcel" time="0.000" classname="com.ericsson.edos.dopuatautomation.testcases.BouyguesTest">
    <skipped/>
  </testcase> <!-- VerifyExportToExcel -->
  <testcase name="VerifyExportToCSV" time="0.000" classname="com.ericsson.edos.dopuatautomation.testcases.BouyguesTest">
    <skipped/>
  </testcase> <!-- VerifyExportToCSV -->
  <testcase name="VerifyExportToTemplate" time="0.000" classname="com.ericsson.edos.dopuatautomation.testcases.BouyguesTest">
    <skipped/>
  </testcase> <!-- VerifyExportToTemplate -->
</testsuite> <!-- com.ericsson.edos.dopuatautomation.testcases.BouyguesTest -->
