<?xml version="1.0" encoding="UTF-8"?>
<!-- Generated by org.testng.reporters.JUnitReportReporter -->
<testsuite skipped="0" hostname="5CG4503MCF" name="com.soc.testcases.SchedulerTest" tests="48" failures="2" timestamp="24 Sep 2018 07:09:14 GMT" time="124.408" errors="0">
  <testcase name="SchedulerTabTest" time="0.053" classname="com.soc.testcases.SchedulerTest"/>
  <testcase name="SchedulerTabClick" time="2.185" classname="com.soc.testcases.SchedulerTest"/>
  <testcase name="SchedulerTitleTest" time="0.052" classname="com.soc.testcases.SchedulerTest">
    <failure type="java.lang.AssertionError" message="Title is not matching expected [Scheduler] but found [Scheduler (Asia/Rangoon)]">
      <![CDATA[java.lang.AssertionError: Title is not matching expected [Scheduler] but found [Scheduler (Asia/Rangoon)]
	at org.testng.Assert.fail(Assert.java:93)
	at org.testng.Assert.failNotEquals(Assert.java:512)
	at org.testng.Assert.assertEqualsImpl(Assert.java:134)
	at org.testng.Assert.assertEquals(Assert.java:115)
	at org.testng.Assert.assertEquals(Assert.java:189)
	at com.soc.testcases.SchedulerTest.SchedulerTitleTest(SchedulerTest.java:67)
	at sun.reflect.NativeMethodAccessorImpl.invoke0(Native Method)
	at sun.reflect.NativeMethodAccessorImpl.invoke(Unknown Source)
	at sun.reflect.DelegatingMethodAccessorImpl.invoke(Unknown Source)
	at java.lang.reflect.Method.invoke(Unknown Source)
	at org.testng.internal.MethodInvocationHelper.invokeMethod(MethodInvocationHelper.java:108)
	at org.testng.internal.Invoker.invokeMethod(Invoker.java:661)
	at org.testng.internal.Invoker.invokeTestMethod(Invoker.java:869)
	at org.testng.internal.Invoker.invokeTestMethods(Invoker.java:1193)
	at org.testng.internal.TestMethodWorker.invokeTestMethods(TestMethodWorker.java:126)
	at org.testng.internal.TestMethodWorker.run(TestMethodWorker.java:109)
	at org.testng.TestRunner.privateRun(TestRunner.java:744)
	at org.testng.TestRunner.run(TestRunner.java:602)
	at org.testng.SuiteRunner.runTest(SuiteRunner.java:380)
	at org.testng.SuiteRunner.runSequentially(SuiteRunner.java:375)
	at org.testng.SuiteRunner.privateRun(SuiteRunner.java:340)
	at org.testng.SuiteRunner.run(SuiteRunner.java:289)
	at org.testng.SuiteRunnerWorker.runSuite(SuiteRunnerWorker.java:52)
	at org.testng.SuiteRunnerWorker.run(SuiteRunnerWorker.java:86)
	at org.testng.TestNG.runSuitesSequentially(TestNG.java:1301)
	at org.testng.TestNG.runSuitesLocally(TestNG.java:1226)
	at org.testng.TestNG.runSuites(TestNG.java:1144)
	at org.testng.TestNG.run(TestNG.java:1115)
	at org.testng.remote.AbstractRemoteTestNG.run(AbstractRemoteTestNG.java:114)
	at org.testng.remote.RemoteTestNG.initAndRun(RemoteTestNG.java:251)
	at org.testng.remote.RemoteTestNG.main(RemoteTestNG.java:77)
]]>
    </failure>
  </testcase> <!-- SchedulerTitleTest -->
  <testcase name="AddExecClickTest" time="2.288" classname="com.soc.testcases.SchedulerTest"/>
  <testcase name="RuleSelectionTextTest" time="2.055" classname="com.soc.testcases.SchedulerTest"/>
  <testcase name="TechnologyTextTest" time="2.258" classname="com.soc.testcases.SchedulerTest"/>
  <testcase name="VendorTextTest" time="2.188" classname="com.soc.testcases.SchedulerTest"/>
  <testcase name="CancelClickTest" time="2.098" classname="com.soc.testcases.SchedulerTest"/>
  <testcase name="TemplateClickTest" time="11.681" classname="com.soc.testcases.SchedulerTest"/>
  <testcase name="PreviousClickTest" time="2.105" classname="com.soc.testcases.SchedulerTest"/>
  <testcase name="NextClickTest" time="2.136" classname="com.soc.testcases.SchedulerTest"/>
  <testcase name="DataSelectionTextTest" time="2.041" classname="com.soc.testcases.SchedulerTest"/>
  <testcase name="TemplateNameTest" time="2.041" classname="com.soc.testcases.SchedulerTest"/>
  <testcase name="PreviousClick1Test" time="2.096" classname="com.soc.testcases.SchedulerTest"/>
  <testcase name="ClickNextTest" time="2.096" classname="com.soc.testcases.SchedulerTest"/>
  <testcase name="DataSourceClickTest" time="2.122" classname="com.soc.testcases.SchedulerTest"/>
  <testcase name="ClickNext1Test" time="2.107" classname="com.soc.testcases.SchedulerTest"/>
  <testcase name="AggregationTextTest" time="2.072" classname="com.soc.testcases.SchedulerTest"/>
  <testcase name="AggregationTitleTest" time="0.080" classname="com.soc.testcases.SchedulerTest">
    <failure type="java.lang.AssertionError" message="Title is matching expected [Time Selection] but found [Time Aggregation]">
      <![CDATA[java.lang.AssertionError: Title is matching expected [Time Selection] but found [Time Aggregation]
	at org.testng.Assert.fail(Assert.java:93)
	at org.testng.Assert.failNotEquals(Assert.java:512)
	at org.testng.Assert.assertEqualsImpl(Assert.java:134)
	at org.testng.Assert.assertEquals(Assert.java:115)
	at org.testng.Assert.assertEquals(Assert.java:189)
	at com.soc.testcases.SchedulerTest.AggregationTitleTest(SchedulerTest.java:224)
	at sun.reflect.NativeMethodAccessorImpl.invoke0(Native Method)
	at sun.reflect.NativeMethodAccessorImpl.invoke(Unknown Source)
	at sun.reflect.DelegatingMethodAccessorImpl.invoke(Unknown Source)
	at java.lang.reflect.Method.invoke(Unknown Source)
	at org.testng.internal.MethodInvocationHelper.invokeMethod(MethodInvocationHelper.java:108)
	at org.testng.internal.Invoker.invokeMethod(Invoker.java:661)
	at org.testng.internal.Invoker.invokeTestMethod(Invoker.java:869)
	at org.testng.internal.Invoker.invokeTestMethods(Invoker.java:1193)
	at org.testng.internal.TestMethodWorker.invokeTestMethods(TestMethodWorker.java:126)
	at org.testng.internal.TestMethodWorker.run(TestMethodWorker.java:109)
	at org.testng.TestRunner.privateRun(TestRunner.java:744)
	at org.testng.TestRunner.run(TestRunner.java:602)
	at org.testng.SuiteRunner.runTest(SuiteRunner.java:380)
	at org.testng.SuiteRunner.runSequentially(SuiteRunner.java:375)
	at org.testng.SuiteRunner.privateRun(SuiteRunner.java:340)
	at org.testng.SuiteRunner.run(SuiteRunner.java:289)
	at org.testng.SuiteRunnerWorker.runSuite(SuiteRunnerWorker.java:52)
	at org.testng.SuiteRunnerWorker.run(SuiteRunnerWorker.java:86)
	at org.testng.TestNG.runSuitesSequentially(TestNG.java:1301)
	at org.testng.TestNG.runSuitesLocally(TestNG.java:1226)
	at org.testng.TestNG.runSuites(TestNG.java:1144)
	at org.testng.TestNG.run(TestNG.java:1115)
	at org.testng.remote.AbstractRemoteTestNG.run(AbstractRemoteTestNG.java:114)
	at org.testng.remote.RemoteTestNG.initAndRun(RemoteTestNG.java:251)
	at org.testng.remote.RemoteTestNG.main(RemoteTestNG.java:77)
]]>
    </failure>
  </testcase> <!-- AggregationTitleTest -->
  <testcase name="SelectTimeTest" time="2.133" classname="com.soc.testcases.SchedulerTest"/>
  <testcase name="PreviousClick2Test" time="2.075" classname="com.soc.testcases.SchedulerTest"/>
  <testcase name="ClickNext2Test" time="2.081" classname="com.soc.testcases.SchedulerTest"/>
  <testcase name="SelectTotalCheckboxTest" time="2.074" classname="com.soc.testcases.SchedulerTest"/>
  <testcase name="SelectPeriodClickTest" time="2.089" classname="com.soc.testcases.SchedulerTest"/>
  <testcase name="DateCaratTest" time="2.090" classname="com.soc.testcases.SchedulerTest"/>
  <testcase name="ToLastDateCaratTest" time="2.078" classname="com.soc.testcases.SchedulerTest"/>
  <testcase name="ClickNext3Test" time="2.085" classname="com.soc.testcases.SchedulerTest"/>
  <testcase name="RecurrenceTextTest" time="2.047" classname="com.soc.testcases.SchedulerTest"/>
  <testcase name="RepeatTextTest" time="2.050" classname="com.soc.testcases.SchedulerTest"/>
  <testcase name="PreviousClick3Test" time="2.104" classname="com.soc.testcases.SchedulerTest"/>
  <testcase name="ClickNext4Test" time="2.070" classname="com.soc.testcases.SchedulerTest"/>
  <testcase name="RepeatClickTest" time="2.080" classname="com.soc.testcases.SchedulerTest"/>
  <testcase name="SingleExecTextTest" time="2.040" classname="com.soc.testcases.SchedulerTest"/>
  <testcase name="SingleExecClickTest" time="2.087" classname="com.soc.testcases.SchedulerTest"/>
  <testcase name="ClickTest" time="2.099" classname="com.soc.testcases.SchedulerTest"/>
  <testcase name="EmailListTextTest" time="2.041" classname="com.soc.testcases.SchedulerTest"/>
  <testcase name="PreviousClick6Test" time="2.070" classname="com.soc.testcases.SchedulerTest"/>
  <testcase name="ClickNext5Test" time="2.080" classname="com.soc.testcases.SchedulerTest"/>
  <testcase name="GenerateReportTextTest" time="2.039" classname="com.soc.testcases.SchedulerTest"/>
  <testcase name="ClickGenerateReportTest" time="2.065" classname="com.soc.testcases.SchedulerTest"/>
  <testcase name="Click1Test" time="2.089" classname="com.soc.testcases.SchedulerTest"/>
  <testcase name="TemplatesTextTest" time="2.050" classname="com.soc.testcases.SchedulerTest"/>
  <testcase name="PreviousClick7Test" time="2.093" classname="com.soc.testcases.SchedulerTest"/>
  <testcase name="ClickNext6Test" time="2.080" classname="com.soc.testcases.SchedulerTest"/>
  <testcase name="KPITemplateTextTest" time="2.041" classname="com.soc.testcases.SchedulerTest"/>
  <testcase name="TemplateCheckTest" time="2.115" classname="com.soc.testcases.SchedulerTest"/>
  <testcase name="FinishCheckTest" time="2.088" classname="com.soc.testcases.SchedulerTest"/>
  <testcase name="ValidateTableTest" time="22.521" classname="com.soc.testcases.SchedulerTest"/>
</testsuite> <!-- com.soc.testcases.SchedulerTest -->
